[2025-06-29 15:10:06] ERROR: Erro em CreateFornecedorProvider: {"errno":19,"code":"SQLITE_CONSTRAINT"}
[2025-06-29 15:10:06] ERROR: UpdateFuncionarioProvider falhou em atualizar categoria: {"errno":19,"code":"SQLITE_CONSTRAINT"}
[2025-06-29 15:10:06] ERROR: DeleteProdutoProvider falhou ao tentar deletar categoria: {"errno":19,"code":"SQLITE_CONSTRAINT"}
[2025-06-29 15:10:10] ERROR: Erro em CreateCategoriaProvider: {"errno":19,"code":"SQLITE_CONSTRAINT"}
[2025-06-29 15:10:11] ERROR: Erro em CreateFornecedorProvider: {"errno":19,"code":"SQLITE_CONSTRAINT"}
[2025-06-29 15:10:11] ERROR: Erro em CreateFornecedorProvider: {"errno":19,"code":"SQLITE_CONSTRAINT"}
[2025-06-29 15:10:13] ERROR: Erro em CreateFuncionarioProvider: {"errno":19,"code":"SQLITE_CONSTRAINT"}
[2025-06-29 15:12:36] ERROR: UpdateFuncionarioProvider falhou em atualizar categoria: {"errno":19,"code":"SQLITE_CONSTRAINT"}
[2025-06-29 15:12:36] ERROR: Erro em CreateCategoriaProvider: {"errno":19,"code":"SQLITE_CONSTRAINT"}
[2025-06-29 15:12:36] ERROR: Erro em CreateFornecedorProvider: {"errno":19,"code":"SQLITE_CONSTRAINT"}
[2025-06-29 15:12:36] ERROR: Erro em CreateFornecedorProvider: {"errno":19,"code":"SQLITE_CONSTRAINT"}
[2025-06-29 15:12:36] ERROR: DeleteProdutoProvider falhou ao tentar deletar categoria: {"errno":19,"code":"SQLITE_CONSTRAINT"}
[2025-06-29 15:12:38] ERROR: Erro em CreateFuncionarioProvider: {"errno":19,"code":"SQLITE_CONSTRAINT"}
[2025-06-29 15:12:38] ERROR: Erro em CreateFornecedorProvider: {"errno":19,"code":"SQLITE_CONSTRAINT"}
[2025-06-29 15:41:49] ERROR: Erro em CreateFornecedorProvider: {"errno":19,"code":"SQLITE_CONSTRAINT"}
[2025-06-29 15:41:49] ERROR: UpdateFuncionarioProvider falhou em atualizar categoria: {"errno":19,"code":"SQLITE_CONSTRAINT"}
[2025-06-29 15:41:49] ERROR: Erro em CreateFornecedorProvider: {"errno":19,"code":"SQLITE_CONSTRAINT"}
[2025-06-29 15:41:51] ERROR: Erro em CreateFornecedorProvider: {"errno":19,"code":"SQLITE_CONSTRAINT"}
[2025-06-29 15:41:51] ERROR: Erro em CreateCategoriaProvider: {"errno":19,"code":"SQLITE_CONSTRAINT"}
[2025-06-29 15:41:52] ERROR: DeleteProdutoProvider falhou ao tentar deletar categoria: {"errno":19,"code":"SQLITE_CONSTRAINT"}
[2025-06-29 15:41:53] ERROR: Erro em CreateFuncionarioProvider: {"errno":19,"code":"SQLITE_CONSTRAINT"}
[2025-06-29 15:46:08] ERROR: Erro em CreateFornecedorProvider: {"errno":19,"code":"SQLITE_CONSTRAINT"}
[2025-06-29 15:46:08] ERROR: DeleteProdutoProvider falhou ao tentar deletar categoria: {"errno":19,"code":"SQLITE_CONSTRAINT"}
[2025-06-29 15:46:08] ERROR: Erro em CreateFornecedorProvider: {"errno":19,"code":"SQLITE_CONSTRAINT"}
[2025-06-29 15:46:09] ERROR: UpdateFuncionarioProvider falhou em atualizar categoria: {"errno":19,"code":"SQLITE_CONSTRAINT"}
[2025-06-29 15:46:11] ERROR: Erro em CreateFuncionarioProvider: {"errno":19,"code":"SQLITE_CONSTRAINT"}
[2025-06-29 15:46:11] ERROR: Erro em CreateFornecedorProvider: {"errno":19,"code":"SQLITE_CONSTRAINT"}
[2025-06-29 15:47:53] ERROR: Erro em CreateFornecedorProvider: {"errno":19,"code":"SQLITE_CONSTRAINT"}
[2025-06-29 15:47:53] ERROR: Erro em CreateFornecedorProvider: {"errno":19,"code":"SQLITE_CONSTRAINT"}
[2025-06-29 15:47:53] ERROR: DeleteProdutoProvider falhou ao tentar deletar categoria: {"errno":19,"code":"SQLITE_CONSTRAINT"}
[2025-06-29 15:47:53] ERROR: UpdateFuncionarioProvider falhou em atualizar categoria: {"errno":19,"code":"SQLITE_CONSTRAINT"}
[2025-06-29 15:47:56] ERROR: Erro em CreateFuncionarioProvider: {"errno":19,"code":"SQLITE_CONSTRAINT"}
[2025-06-29 15:47:56] ERROR: Erro em CreateFornecedorProvider: {"errno":19,"code":"SQLITE_CONSTRAINT"}
[2025-06-29 15:50:56] ERROR: Erro em CreateFornecedorProvider: {"errno":19,"code":"SQLITE_CONSTRAINT"}
[2025-06-29 15:50:56] ERROR: Erro em CreateFornecedorProvider: {"errno":19,"code":"SQLITE_CONSTRAINT"}
[2025-06-29 15:50:56] ERROR: UpdateFuncionarioProvider falhou em atualizar categoria: {"errno":19,"code":"SQLITE_CONSTRAINT"}
[2025-06-29 15:50:56] ERROR: DeleteProdutoProvider falhou ao tentar deletar categoria: {"errno":19,"code":"SQLITE_CONSTRAINT"}
[2025-06-29 15:51:04] ERROR: Erro em CreateFuncionarioProvider: {"errno":19,"code":"SQLITE_CONSTRAINT"}
[2025-06-29 15:51:04] ERROR: Erro em CreateFornecedorProvider: {"errno":19,"code":"SQLITE_CONSTRAINT"}
[2025-06-29 15:51:32] ERROR: Erro em CreateFornecedorProvider: {"errno":19,"code":"SQLITE_CONSTRAINT"}
[2025-06-29 15:51:32] ERROR: UpdateFuncionarioProvider falhou em atualizar categoria: {"errno":19,"code":"SQLITE_CONSTRAINT"}
[2025-06-29 15:51:32] ERROR: DeleteProdutoProvider falhou ao tentar deletar categoria: {"errno":19,"code":"SQLITE_CONSTRAINT"}
[2025-06-29 15:51:33] ERROR: Erro em CreateFornecedorProvider: {"errno":19,"code":"SQLITE_CONSTRAINT"}
[2025-06-29 15:51:34] ERROR: Erro em CreateFuncionarioProvider: {"errno":19,"code":"SQLITE_CONSTRAINT"}
[2025-06-29 15:51:34] ERROR: Erro em CreateFornecedorProvider: {"errno":19,"code":"SQLITE_CONSTRAINT"}
[2025-06-29 15:53:16] ERROR: Erro em CreateFornecedorProvider: {"errno":19,"code":"SQLITE_CONSTRAINT"}
[2025-06-29 15:53:16] ERROR: Erro em CreateFornecedorProvider: {"errno":19,"code":"SQLITE_CONSTRAINT"}
[2025-06-29 15:53:16] ERROR: DeleteProdutoProvider falhou ao tentar deletar categoria: {"errno":19,"code":"SQLITE_CONSTRAINT"}
[2025-06-29 15:53:16] ERROR: UpdateFuncionarioProvider falhou em atualizar categoria: {"errno":19,"code":"SQLITE_CONSTRAINT"}
[2025-06-29 15:53:18] ERROR: Erro em CreateFuncionarioProvider: {"errno":19,"code":"SQLITE_CONSTRAINT"}
[2025-06-29 15:53:18] ERROR: Erro em CreateFornecedorProvider: {"errno":19,"code":"SQLITE_CONSTRAINT"}
[2025-06-29 15:55:11] ERROR: Erro em CreateFornecedorProvider: {"errno":19,"code":"SQLITE_CONSTRAINT"}
[2025-06-29 15:55:12] ERROR: DeleteProdutoProvider falhou ao tentar deletar categoria: {"errno":19,"code":"SQLITE_CONSTRAINT"}
[2025-06-29 15:55:12] ERROR: UpdateFuncionarioProvider falhou em atualizar categoria: {"errno":19,"code":"SQLITE_CONSTRAINT"}
[2025-06-29 15:55:13] ERROR: Erro em CreateFornecedorProvider: {"errno":19,"code":"SQLITE_CONSTRAINT"}
[2025-06-29 15:55:13] ERROR: Erro em CreateFornecedorProvider: {"errno":19,"code":"SQLITE_CONSTRAINT"}
[2025-06-29 15:55:13] ERROR: Erro em CreateFuncionarioProvider: {"errno":19,"code":"SQLITE_CONSTRAINT"}
[2025-06-29 16:05:12] ERROR: DeleteCategoriaProvider falhou ao tentar deletar categoria: {"errno":1,"code":"SQLITE_ERROR"}
[2025-06-29 16:05:52] ERROR: Erro em CreateCategoriaProvider: {"errno":1,"code":"SQLITE_ERROR"}
[2025-06-29 16:08:25] ERROR: Erro em CreateFornecedorProvider: {"errno":19,"code":"SQLITE_CONSTRAINT"}
[2025-06-29 16:08:25] ERROR: DeleteProdutoProvider falhou ao tentar deletar categoria: {"errno":19,"code":"SQLITE_CONSTRAINT"}
[2025-06-29 16:08:25] ERROR: UpdateFuncionarioProvider falhou em atualizar categoria: {"errno":19,"code":"SQLITE_CONSTRAINT"}
[2025-06-29 16:08:26] ERROR: Erro em CreateFornecedorProvider: {"errno":19,"code":"SQLITE_CONSTRAINT"}
[2025-06-29 16:08:27] ERROR: Erro em CreateFuncionarioProvider: {"errno":19,"code":"SQLITE_CONSTRAINT"}
[2025-06-29 16:08:28] ERROR: Erro em CreateFornecedorProvider: {"errno":19,"code":"SQLITE_CONSTRAINT"}
[2025-06-29 16:13:20] ERROR: UpdateFuncionarioProvider falhou em atualizar categoria: {"errno":19,"code":"SQLITE_CONSTRAINT"}
[2025-06-29 16:13:20] ERROR: Erro em CreateFornecedorProvider: {"errno":19,"code":"SQLITE_CONSTRAINT"}
[2025-06-29 16:13:21] ERROR: Erro em CreateFornecedorProvider: {"errno":19,"code":"SQLITE_CONSTRAINT"}
[2025-06-29 16:13:21] ERROR: DeleteProdutoProvider falhou ao tentar deletar categoria: {"errno":19,"code":"SQLITE_CONSTRAINT"}
[2025-06-29 16:13:22] ERROR: Erro em CreateFuncionarioProvider: {"errno":19,"code":"SQLITE_CONSTRAINT"}
[2025-06-29 16:13:22] ERROR: Erro em CreateFornecedorProvider: {"errno":19,"code":"SQLITE_CONSTRAINT"}
[2025-06-29 16:19:11] ERROR: Erro em CreateFornecedorProvider: {"errno":19,"code":"SQLITE_CONSTRAINT"}
[2025-06-29 16:19:13] ERROR: Erro em CreateFornecedorProvider: {"errno":19,"code":"SQLITE_CONSTRAINT"}
[2025-06-29 16:19:13] ERROR: Erro em CreateFuncionarioProvider: {"errno":19,"code":"SQLITE_CONSTRAINT"}
[2025-06-29 16:19:13] ERROR: Erro em CreateFornecedorProvider: {"errno":19,"code":"SQLITE_CONSTRAINT"}
[2025-06-29 16:19:13] ERROR: UpdateFuncionarioProvider falhou em atualizar categoria: {"errno":19,"code":"SQLITE_CONSTRAINT"}
[2025-06-29 16:19:14] ERROR: DeleteProdutoProvider falhou ao tentar deletar categoria: {"errno":19,"code":"SQLITE_CONSTRAINT"}
[2025-06-29 16:21:08] ERROR: Erro em CreateFornecedorProvider: {"errno":19,"code":"SQLITE_CONSTRAINT"}
[2025-06-29 16:21:08] ERROR: UpdateFuncionarioProvider falhou em atualizar categoria: {"errno":19,"code":"SQLITE_CONSTRAINT"}
[2025-06-29 16:21:08] ERROR: Erro em CreateFornecedorProvider: {"errno":19,"code":"SQLITE_CONSTRAINT"}
[2025-06-29 16:21:08] ERROR: DeleteProdutoProvider falhou ao tentar deletar categoria: {"errno":19,"code":"SQLITE_CONSTRAINT"}
[2025-06-29 16:21:10] ERROR: Erro em CreateFornecedorProvider: {"errno":19,"code":"SQLITE_CONSTRAINT"}
[2025-06-29 16:21:11] ERROR: Erro em CreateFuncionarioProvider: {"errno":19,"code":"SQLITE_CONSTRAINT"}
[2025-06-29 16:22:17] ERROR: Erro em CreateFornecedorProvider: {"errno":19,"code":"SQLITE_CONSTRAINT"}
[2025-06-29 16:22:17] ERROR: UpdateFuncionarioProvider falhou em atualizar categoria: {"errno":19,"code":"SQLITE_CONSTRAINT"}
[2025-06-29 16:22:17] ERROR: DeleteProdutoProvider falhou ao tentar deletar categoria: {"errno":19,"code":"SQLITE_CONSTRAINT"}
[2025-06-29 16:22:17] ERROR: Erro em CreateFornecedorProvider: {"errno":19,"code":"SQLITE_CONSTRAINT"}
[2025-06-29 16:22:18] ERROR: Erro em CreateFornecedorProvider: {"errno":19,"code":"SQLITE_CONSTRAINT"}
[2025-06-29 16:22:20] ERROR: Erro em CreateFornecedorProvider: {"errno":19,"code":"SQLITE_CONSTRAINT"}
[2025-06-29 16:22:20] ERROR: Erro em CreateFuncionarioProvider: {"errno":19,"code":"SQLITE_CONSTRAINT"}
[2025-06-29 16:25:28] ERROR: Erro em CreateFornecedorProvider: {"errno":19,"code":"SQLITE_CONSTRAINT"}
[2025-06-29 16:25:28] ERROR: Erro em CreateFornecedorProvider: {"errno":19,"code":"SQLITE_CONSTRAINT"}
[2025-06-29 16:25:30] ERROR: DeleteProdutoProvider falhou ao tentar deletar categoria: {"errno":19,"code":"SQLITE_CONSTRAINT"}
[2025-06-29 16:25:30] ERROR: UpdateFuncionarioProvider falhou em atualizar categoria: {"errno":19,"code":"SQLITE_CONSTRAINT"}
[2025-06-29 16:25:31] ERROR: Erro em CreateFuncionarioProvider: {"errno":19,"code":"SQLITE_CONSTRAINT"}
[2025-06-29 16:25:31] ERROR: Erro em CreateFornecedorProvider: {"errno":19,"code":"SQLITE_CONSTRAINT"}
[2025-06-29 16:37:13] ERROR: Erro em CreateFornecedorProvider: {"errno":19,"code":"SQLITE_CONSTRAINT"}
[2025-06-29 16:37:15] ERROR: DeleteProdutoProvider falhou ao tentar deletar categoria: {"errno":19,"code":"SQLITE_CONSTRAINT"}
[2025-06-29 16:37:15] ERROR: UpdateFuncionarioProvider falhou em atualizar categoria: {"errno":19,"code":"SQLITE_CONSTRAINT"}
[2025-06-29 16:37:16] ERROR: Erro em CreateFuncionarioProvider: {"errno":19,"code":"SQLITE_CONSTRAINT"}
[2025-06-29 16:37:16] ERROR: Erro em CreateFornecedorProvider: {"errno":19,"code":"SQLITE_CONSTRAINT"}
[2025-06-29 16:39:22] ERROR: UpdateFuncionarioProvider falhou em atualizar categoria: {"errno":19,"code":"SQLITE_CONSTRAINT"}
[2025-06-29 16:39:22] ERROR: Erro em CreateFornecedorProvider: {"errno":19,"code":"SQLITE_CONSTRAINT"}
[2025-06-29 16:39:23] ERROR: DeleteProdutoProvider falhou ao tentar deletar categoria: {"errno":19,"code":"SQLITE_CONSTRAINT"}
[2025-06-29 16:39:25] ERROR: Erro em CreateFornecedorProvider: {"errno":19,"code":"SQLITE_CONSTRAINT"}
[2025-06-29 16:39:25] ERROR: Erro em CreateFuncionarioProvider: {"errno":19,"code":"SQLITE_CONSTRAINT"}
[2025-06-29 16:43:39] ERROR: Erro em CreateFornecedorProvider: {"errno":19,"code":"SQLITE_CONSTRAINT"}
[2025-06-29 16:43:39] ERROR: DeleteProdutoProvider falhou ao tentar deletar categoria: {"errno":19,"code":"SQLITE_CONSTRAINT"}
[2025-06-29 16:43:39] ERROR: UpdateFuncionarioProvider falhou em atualizar categoria: {"errno":19,"code":"SQLITE_CONSTRAINT"}
[2025-06-29 16:43:41] ERROR: Erro em CreateFuncionarioProvider: {"errno":19,"code":"SQLITE_CONSTRAINT"}
[2025-06-29 16:43:41] ERROR: Erro em CreateFornecedorProvider: {"errno":19,"code":"SQLITE_CONSTRAINT"}
[2025-06-29 16:45:48] ERROR: Erro em CreateFornecedorProvider: {"errno":19,"code":"SQLITE_CONSTRAINT"}
[2025-06-29 16:45:48] ERROR: DeleteProdutoProvider falhou ao tentar deletar categoria: {"errno":19,"code":"SQLITE_CONSTRAINT"}
[2025-06-29 16:45:51] ERROR: Erro em CreateFornecedorProvider: {"errno":19,"code":"SQLITE_CONSTRAINT"}
[2025-06-29 16:45:52] ERROR: Erro em CreateFuncionarioProvider: {"errno":19,"code":"SQLITE_CONSTRAINT"}
[2025-06-29 16:47:31] ERROR: Erro em CreateFornecedorProvider: {"errno":19,"code":"SQLITE_CONSTRAINT"}
[2025-06-29 16:47:31] ERROR: DeleteProdutoProvider falhou ao tentar deletar categoria: {"errno":19,"code":"SQLITE_CONSTRAINT"}
[2025-06-29 16:47:33] ERROR: Erro em CreateFuncionarioProvider: {"errno":19,"code":"SQLITE_CONSTRAINT"}
[2025-06-29 16:47:33] ERROR: Erro em CreateFornecedorProvider: {"errno":19,"code":"SQLITE_CONSTRAINT"}
[2025-06-29 16:48:43] ERROR: Erro em CreateFornecedorProvider: {"errno":19,"code":"SQLITE_CONSTRAINT"}
[2025-06-29 16:48:46] ERROR: Erro em CreateFornecedorProvider: {"errno":19,"code":"SQLITE_CONSTRAINT"}
[2025-06-29 16:48:47] ERROR: Erro em CreateFuncionarioProvider: {"errno":19,"code":"SQLITE_CONSTRAINT"}
[2025-06-29 16:48:48] ERROR: DeleteProdutoProvider falhou ao tentar deletar categoria: {"errno":19,"code":"SQLITE_CONSTRAINT"}
[2025-06-29 16:50:41] ERROR: Erro em CreateFornecedorProvider: {"errno":19,"code":"SQLITE_CONSTRAINT"}
[2025-06-29 16:50:41] ERROR: DeleteProdutoProvider falhou ao tentar deletar categoria: {"errno":19,"code":"SQLITE_CONSTRAINT"}
[2025-06-29 16:50:43] ERROR: Erro em CreateFornecedorProvider: {"errno":19,"code":"SQLITE_CONSTRAINT"}
[2025-06-29 16:50:44] ERROR: Erro em CreateFuncionarioProvider: {"errno":19,"code":"SQLITE_CONSTRAINT"}
[2025-06-29 16:54:18] ERROR: DeleteProdutoProvider falhou ao tentar deletar categoria: {"errno":19,"code":"SQLITE_CONSTRAINT"}
[2025-06-29 16:54:19] ERROR: Erro em CreateFornecedorProvider: {"errno":19,"code":"SQLITE_CONSTRAINT"}
[2025-06-29 16:54:21] ERROR: Erro em CreateFuncionarioProvider: {"errno":19,"code":"SQLITE_CONSTRAINT"}
[2025-06-29 16:57:26] ERROR: DeleteProdutoProvider falhou ao tentar deletar categoria: {"errno":19,"code":"SQLITE_CONSTRAINT"}
[2025-06-29 16:57:27] ERROR: Erro em CreateFuncionarioProvider: {"errno":19,"code":"SQLITE_CONSTRAINT"}
[2025-06-29 16:57:27] ERROR: Erro em CreateFornecedorProvider: {"errno":19,"code":"SQLITE_CONSTRAINT"}
[2025-06-29 16:59:03] ERROR: Erro em CreateFuncionarioProvider: {"errno":19,"code":"SQLITE_CONSTRAINT"}
[2025-06-29 16:59:03] ERROR: Erro em CreateFornecedorProvider: {"errno":19,"code":"SQLITE_CONSTRAINT"}
[2025-06-29 17:00:47] ERROR: Erro em CreateFornecedorProvider: {"errno":19,"code":"SQLITE_CONSTRAINT"}
[2025-06-29 17:00:48] ERROR: Erro em CreateFuncionarioProvider: {"errno":19,"code":"SQLITE_CONSTRAINT"}
[2025-06-29 17:02:35] ERROR: Erro em CreateFornecedorProvider: {"errno":19,"code":"SQLITE_CONSTRAINT"}
[2025-06-29 17:02:36] ERROR: Erro em CreateFuncionarioProvider: {"errno":19,"code":"SQLITE_CONSTRAINT"}
[2025-06-29 17:04:13] ERROR: Erro em CreateFuncionarioProvider: {"errno":19,"code":"SQLITE_CONSTRAINT"}
[2025-06-29 17:04:13] ERROR: Erro em CreateFornecedorProvider: {"errno":19,"code":"SQLITE_CONSTRAINT"}
[2025-06-29 17:04:52] ERROR: Erro em CreateCategoriaProvider: {"errno":19,"code":"SQLITE_CONSTRAINT"}
[2025-06-29 17:04:52] ERROR: Erro em CreateCategoriaProvider: {"errno":19,"code":"SQLITE_CONSTRAINT"}
[2025-06-29 17:04:52] ERROR: Erro em CreateCategoriaProvider: {"errno":19,"code":"SQLITE_CONSTRAINT"}
[2025-06-29 17:04:52] ERROR: Erro em CreateCategoriaProvider: {"errno":19,"code":"SQLITE_CONSTRAINT"}
[2025-06-29 17:04:55] ERROR: Erro em CreateCategoriaProvider: {"errno":19,"code":"SQLITE_CONSTRAINT"}
[2025-06-29 17:04:55] ERROR: Erro em CreateCategoriaProvider: {"errno":19,"code":"SQLITE_CONSTRAINT"}
[2025-06-29 17:04:55] ERROR: Erro em CreateCategoriaProvider: {"errno":19,"code":"SQLITE_CONSTRAINT"}
[2025-06-29 17:04:55] ERROR: Erro em CreateCategoriaProvider: {"errno":19,"code":"SQLITE_CONSTRAINT"}
[2025-06-29 17:04:55] ERROR: Erro em CreateCategoriaProvider: {"errno":19,"code":"SQLITE_CONSTRAINT"}
[2025-06-29 17:04:55] ERROR: Erro em CreateFuncionarioProvider: {"errno":19,"code":"SQLITE_CONSTRAINT"}
[2025-06-29 17:04:55] ERROR: Erro em CreateFornecedorProvider: {"errno":19,"code":"SQLITE_CONSTRAINT"}
[2025-06-29 17:04:55] ERROR: Erro em CreateCategoriaProvider: {"errno":19,"code":"SQLITE_CONSTRAINT"}
[2025-06-29 17:06:57] ERROR: Erro em CreateCategoriaProvider: {"errno":19,"code":"SQLITE_CONSTRAINT"}
[2025-06-29 17:06:59] ERROR: Erro em CreateCategoriaProvider: {"errno":19,"code":"SQLITE_CONSTRAINT"}
[2025-06-29 17:06:59] ERROR: Erro em CreateCategoriaProvider: {"errno":19,"code":"SQLITE_CONSTRAINT"}
[2025-06-29 17:06:59] ERROR: Erro em CreateCategoriaProvider: {"errno":19,"code":"SQLITE_CONSTRAINT"}
[2025-06-29 17:07:00] ERROR: Erro em CreateFornecedorProvider: {"errno":19,"code":"SQLITE_CONSTRAINT"}
[2025-06-29 17:07:00] ERROR: Erro em CreateCategoriaProvider: {"errno":19,"code":"SQLITE_CONSTRAINT"}
[2025-06-29 17:07:00] ERROR: Erro em CreateCategoriaProvider: {"errno":19,"code":"SQLITE_CONSTRAINT"}
[2025-06-29 17:07:01] ERROR: Erro em CreateCategoriaProvider: {"errno":19,"code":"SQLITE_CONSTRAINT"}
[2025-06-29 17:07:02] ERROR: Erro em CreateFuncionarioProvider: {"errno":19,"code":"SQLITE_CONSTRAINT"}
[2025-06-29 17:07:02] ERROR: Erro em CreateCategoriaProvider: {"errno":19,"code":"SQLITE_CONSTRAINT"}
[2025-06-29 17:08:22] ERROR: Erro em CreateCategoriaProvider: {"errno":19,"code":"SQLITE_CONSTRAINT"}
[2025-06-29 17:08:22] ERROR: Erro em CreateCategoriaProvider: {"errno":19,"code":"SQLITE_CONSTRAINT"}
[2025-06-29 17:08:22] ERROR: Erro em CreateCategoriaProvider: {"errno":19,"code":"SQLITE_CONSTRAINT"}
[2025-06-29 17:08:25] ERROR: Erro em CreateCategoriaProvider: {"errno":19,"code":"SQLITE_CONSTRAINT"}
[2025-06-29 17:08:25] ERROR: Erro em CreateFuncionarioProvider: {"errno":19,"code":"SQLITE_CONSTRAINT"}
[2025-06-29 17:08:25] ERROR: Erro em CreateCategoriaProvider: {"errno":19,"code":"SQLITE_CONSTRAINT"}
[2025-06-29 17:08:25] ERROR: Erro em CreateFornecedorProvider: {"errno":19,"code":"SQLITE_CONSTRAINT"}
[2025-06-29 17:08:25] ERROR: Erro em CreateCategoriaProvider: {"errno":19,"code":"SQLITE_CONSTRAINT"}
[2025-06-29 17:08:25] ERROR: Erro em CreateCategoriaProvider: {"errno":19,"code":"SQLITE_CONSTRAINT"}
[2025-06-29 17:08:25] ERROR: Erro em CreateCategoriaProvider: {"errno":19,"code":"SQLITE_CONSTRAINT"}
[2025-06-29 17:10:32] ERROR: Erro em CreateCategoriaProvider: {"errno":19,"code":"SQLITE_CONSTRAINT"}
[2025-06-29 17:10:32] ERROR: Erro em CreateCategoriaProvider: {"errno":19,"code":"SQLITE_CONSTRAINT"}
[2025-06-29 17:10:32] ERROR: Erro em CreateCategoriaProvider: {"errno":19,"code":"SQLITE_CONSTRAINT"}
[2025-06-29 17:10:37] ERROR: Erro em CreateCategoriaProvider: {"errno":19,"code":"SQLITE_CONSTRAINT"}
[2025-06-29 17:10:37] ERROR: Erro em CreateFornecedorProvider: {"errno":19,"code":"SQLITE_CONSTRAINT"}
[2025-06-29 17:10:37] ERROR: Erro em CreateCategoriaProvider: {"errno":19,"code":"SQLITE_CONSTRAINT"}
[2025-06-29 17:10:37] ERROR: Erro em CreateCategoriaProvider: {"errno":19,"code":"SQLITE_CONSTRAINT"}
[2025-06-29 17:10:37] ERROR: Erro em CreateCategoriaProvider: {"errno":19,"code":"SQLITE_CONSTRAINT"}
[2025-06-29 17:10:37] ERROR: Erro em CreateCategoriaProvider: {"errno":19,"code":"SQLITE_CONSTRAINT"}
[2025-06-29 17:10:38] ERROR: Erro em CreateFuncionarioProvider: {"errno":19,"code":"SQLITE_CONSTRAINT"}
[2025-06-29 17:11:44] ERROR: Erro em CreateCategoriaProvider: {"errno":19,"code":"SQLITE_CONSTRAINT"}
[2025-06-29 17:11:44] ERROR: Erro em CreateCategoriaProvider: {"errno":19,"code":"SQLITE_CONSTRAINT"}
[2025-06-29 17:11:44] ERROR: Erro em CreateCategoriaProvider: {"errno":19,"code":"SQLITE_CONSTRAINT"}
[2025-06-29 17:11:46] ERROR: Erro em CreateCategoriaProvider: {"errno":19,"code":"SQLITE_CONSTRAINT"}
[2025-06-29 17:11:46] ERROR: Erro em CreateCategoriaProvider: {"errno":19,"code":"SQLITE_CONSTRAINT"}
[2025-06-29 17:11:46] ERROR: Erro em CreateCategoriaProvider: {"errno":19,"code":"SQLITE_CONSTRAINT"}
[2025-06-29 17:11:46] ERROR: Erro em CreateCategoriaProvider: {"errno":19,"code":"SQLITE_CONSTRAINT"}
[2025-06-29 17:11:46] ERROR: Erro em CreateFuncionarioProvider: {"errno":19,"code":"SQLITE_CONSTRAINT"}
[2025-06-29 17:11:46] ERROR: Erro em CreateFornecedorProvider: {"errno":19,"code":"SQLITE_CONSTRAINT"}
[2025-06-29 17:11:46] ERROR: Erro em CreateCategoriaProvider: {"errno":19,"code":"SQLITE_CONSTRAINT"}
[2025-06-29 17:13:33] ERROR: Erro em CreateCategoriaProvider: {"errno":19,"code":"SQLITE_CONSTRAINT"}
[2025-06-29 17:13:33] ERROR: Erro em CreateCategoriaProvider: {"errno":19,"code":"SQLITE_CONSTRAINT"}
[2025-06-29 17:13:33] ERROR: Erro em CreateCategoriaProvider: {"errno":19,"code":"SQLITE_CONSTRAINT"}
[2025-06-29 17:13:35] ERROR: Erro em CreateCategoriaProvider: {"errno":19,"code":"SQLITE_CONSTRAINT"}
[2025-06-29 17:13:35] ERROR: Erro em CreateCategoriaProvider: {"errno":19,"code":"SQLITE_CONSTRAINT"}
[2025-06-29 17:13:35] ERROR: Erro em CreateCategoriaProvider: {"errno":19,"code":"SQLITE_CONSTRAINT"}
[2025-06-29 17:13:35] ERROR: Erro em CreateCategoriaProvider: {"errno":19,"code":"SQLITE_CONSTRAINT"}
[2025-06-29 17:13:36] ERROR: Erro em CreateFornecedorProvider: {"errno":19,"code":"SQLITE_CONSTRAINT"}
[2025-06-29 17:13:36] ERROR: Erro em CreateCategoriaProvider: {"errno":19,"code":"SQLITE_CONSTRAINT"}
[2025-06-29 17:13:36] ERROR: Erro em CreateFuncionarioProvider: {"errno":19,"code":"SQLITE_CONSTRAINT"}
